stdio    D         file_stdio.c:109  file_stdio_fopen                 [   0.00000] opening C:\Users\Radzio\Documents\GitHub\LAB\GRA\Debug\allegro5.cfg r
system   D            wsystem.c:738  maybe_parent_dir                 [   0.00000] Also searching C:\Users\Radzio\Documents\GitHub\LAB\GRA\
system   D            wsystem.c:788  _al_win_safe_load_library        [   0.00000] PathFindOnPath found: C:\Windows\system32\shcore.dll
system   D            wsystem.c:699  load_library_at_path             [   0.00000] Calling LoadLibrary C:\Windows\system32\shcore.dll
system   I            wsystem.c:702  load_library_at_path             [   0.00000] Loaded C:\Windows\system32\shcore.dll
system   I             system.c:263  al_install_system                [   0.00000] Allegro version: 5.2.3
dtor     D               dtor.c:196  _al_register_destructor          [   0.00051] added dtor for timer 005A4B68, func 56A8173A
system   D            wsystem.c:738  maybe_parent_dir                 [   0.00074] Also searching C:\Users\Radzio\Documents\GitHub\LAB\GRA\
system   D            wsystem.c:788  _al_win_safe_load_library        [   0.00124] PathFindOnPath found: C:\Windows\system32\d3d9.dll
system   D            wsystem.c:699  load_library_at_path             [   0.00133] Calling LoadLibrary C:\Windows\system32\d3d9.dll
system   I            wsystem.c:702  load_library_at_path             [   0.02428] Loaded C:\Windows\system32\d3d9.dll
d3d      I         d3d_disp.cpp:674  d3d_init_display                 [   0.04466] Render-to-texture: 1
d3d      I         d3d_disp.cpp:1768 d3d_create_display_locked        [   0.04640] faux_fullscreen=0
d3d      D         d3d_disp.cpp:1769 d3d_create_display_locked        [   0.04651] al_display=005B8510
d3d      D         d3d_disp.cpp:1770 d3d_create_display_locked        [   0.04658] al_display->vt=00593F38
d3d      I d3d_display_formats.cpp:144  _al_d3d_generate_display_format_list [   0.04754] found 64 format combinations
display  D   display_settings.c:212  debug_display_settings           [   0.04768] color: 32 (rgba 8880), depth: 0, stencil: 0, acc: 0000, samples: 0/0
display  D   display_settings.c:527  _al_score_display_settings       [   0.04777] Score is : 897
display  D   display_settings.c:212  debug_display_settings           [   0.04783] color: 32 (rgba 8880), depth: 0, stencil: 0, acc: 0000, samples: 0/0
display  D   display_settings.c:527  _al_score_display_settings       [   0.04792] Score is : 897
display  D   display_settings.c:212  debug_display_settings           [   0.04799] color: 32 (rgba 8880), depth: 24, stencil: 8, acc: 0000, samples: 0/0
display  D   display_settings.c:527  _al_score_display_settings       [   0.04807] Score is : 897
display  D   display_settings.c:212  debug_display_settings           [   0.04813] color: 32 (rgba 8880), depth: 24, stencil: 8, acc: 0000, samples: 0/0
display  D   display_settings.c:527  _al_score_display_settings       [   0.04821] Score is : 897
display  D   display_settings.c:212  debug_display_settings           [   0.04828] color: 32 (rgba 8880), depth: 24, stencil: 0, acc: 0000, samples: 0/0
display  D   display_settings.c:527  _al_score_display_settings       [   0.04836] Score is : 897
display  D   display_settings.c:212  debug_display_settings           [   0.04842] color: 32 (rgba 8880), depth: 24, stencil: 0, acc: 0000, samples: 0/0
display  D   display_settings.c:527  _al_score_display_settings       [   0.04850] Score is : 897
display  D   display_settings.c:212  debug_display_settings           [   0.04857] color: 32 (rgba 8880), depth: 16, stencil: 0, acc: 0000, samples: 0/0
display  D   display_settings.c:527  _al_score_display_settings       [   0.04867] Score is : 897
display  D   display_settings.c:212  debug_display_settings           [   0.04874] color: 32 (rgba 8880), depth: 16, stencil: 0, acc: 0000, samples: 0/0
display  D   display_settings.c:527  _al_score_display_settings       [   0.04882] Score is : 897
display  D   display_settings.c:212  debug_display_settings           [   0.04888] color: 16 (rgba 5650), depth: 0, stencil: 0, acc: 0000, samples: 0/0
display  D   display_settings.c:527  _al_score_display_settings       [   0.04908] Score is : 897
display  D   display_settings.c:212  debug_display_settings           [   0.04916] color: 16 (rgba 5650), depth: 0, stencil: 0, acc: 0000, samples: 0/0
display  D   display_settings.c:527  _al_score_display_settings       [   0.04924] Score is : 897
display  D   display_settings.c:212  debug_display_settings           [   0.04931] color: 16 (rgba 5650), depth: 24, stencil: 8, acc: 0000, samples: 0/0
display  D   display_settings.c:527  _al_score_display_settings       [   0.04939] Score is : 897
display  D   display_settings.c:212  debug_display_settings           [   0.04946] color: 16 (rgba 5650), depth: 24, stencil: 8, acc: 0000, samples: 0/0
display  D   display_settings.c:527  _al_score_display_settings       [   0.04954] Score is : 897
display  D   display_settings.c:212  debug_display_settings           [   0.04963] color: 16 (rgba 5650), depth: 24, stencil: 0, acc: 0000, samples: 0/0
display  D   display_settings.c:527  _al_score_display_settings       [   0.04971] Score is : 897
display  D   display_settings.c:212  debug_display_settings           [   0.04977] color: 16 (rgba 5650), depth: 24, stencil: 0, acc: 0000, samples: 0/0
display  D   display_settings.c:527  _al_score_display_settings       [   0.04985] Score is : 897
display  D   display_settings.c:212  debug_display_settings           [   0.04992] color: 16 (rgba 5650), depth: 16, stencil: 0, acc: 0000, samples: 0/0
display  D   display_settings.c:527  _al_score_display_settings       [   0.05000] Score is : 897
display  D   display_settings.c:212  debug_display_settings           [   0.05007] color: 16 (rgba 5650), depth: 16, stencil: 0, acc: 0000, samples: 0/0
display  D   display_settings.c:527  _al_score_display_settings       [   0.05015] Score is : 897
display  D   display_settings.c:212  debug_display_settings           [   0.05021] color: 32 (rgba 8880), depth: 0, stencil: 0, acc: 0000, samples: 0/0
display  D   display_settings.c:398  _al_score_display_settings       [   0.05029] Single Buffer requirement not met.
display  D   display_settings.c:212  debug_display_settings           [   0.05037] color: 32 (rgba 8880), depth: 0, stencil: 0, acc: 0000, samples: 0/0
display  D   display_settings.c:398  _al_score_display_settings       [   0.05045] Single Buffer requirement not met.
display  D   display_settings.c:212  debug_display_settings           [   0.05051] color: 32 (rgba 8880), depth: 24, stencil: 8, acc: 0000, samples: 0/0
display  D   display_settings.c:398  _al_score_display_settings       [   0.05062] Single Buffer requirement not met.
display  D   display_settings.c:212  debug_display_settings           [   0.05068] color: 32 (rgba 8880), depth: 24, stencil: 8, acc: 0000, samples: 0/0
display  D   display_settings.c:398  _al_score_display_settings       [   0.05077] Single Buffer requirement not met.
display  D   display_settings.c:212  debug_display_settings           [   0.05083] color: 32 (rgba 8880), depth: 24, stencil: 0, acc: 0000, samples: 0/0
display  D   display_settings.c:398  _al_score_display_settings       [   0.05091] Single Buffer requirement not met.
display  D   display_settings.c:212  debug_display_settings           [   0.05098] color: 32 (rgba 8880), depth: 24, stencil: 0, acc: 0000, samples: 0/0
display  D   display_settings.c:398  _al_score_display_settings       [   0.05106] Single Buffer requirement not met.
display  D   display_settings.c:212  debug_display_settings           [   0.05113] color: 32 (rgba 8880), depth: 16, stencil: 0, acc: 0000, samples: 0/0
display  D   display_settings.c:398  _al_score_display_settings       [   0.05121] Single Buffer requirement not met.
display  D   display_settings.c:212  debug_display_settings           [   0.05128] color: 32 (rgba 8880), depth: 16, stencil: 0, acc: 0000, samples: 0/0
display  D   display_settings.c:398  _al_score_display_settings       [   0.05135] Single Buffer requirement not met.
display  D   display_settings.c:212  debug_display_settings           [   0.05143] color: 16 (rgba 5650), depth: 0, stencil: 0, acc: 0000, samples: 0/0
display  D   display_settings.c:398  _al_score_display_settings       [   0.05152] Single Buffer requirement not met.
display  D   display_settings.c:212  debug_display_settings           [   0.05158] color: 16 (rgba 5650), depth: 0, stencil: 0, acc: 0000, samples: 0/0
display  D   display_settings.c:398  _al_score_display_settings       [   0.05168] Single Buffer requirement not met.
display  D   display_settings.c:212  debug_display_settings           [   0.05175] color: 16 (rgba 5650), depth: 24, stencil: 8, acc: 0000, samples: 0/0
display  D   display_settings.c:398  _al_score_display_settings       [   0.05183] Single Buffer requirement not met.
display  D   display_settings.c:212  debug_display_settings           [   0.05190] color: 16 (rgba 5650), depth: 24, stencil: 8, acc: 0000, samples: 0/0
display  D   display_settings.c:398  _al_score_display_settings       [   0.05198] Single Buffer requirement not met.
display  D   display_settings.c:212  debug_display_settings           [   0.05204] color: 16 (rgba 5650), depth: 24, stencil: 0, acc: 0000, samples: 0/0
display  D   display_settings.c:398  _al_score_display_settings       [   0.05212] Single Buffer requirement not met.
display  D   display_settings.c:212  debug_display_settings           [   0.05219] color: 16 (rgba 5650), depth: 24, stencil: 0, acc: 0000, samples: 0/0
display  D   display_settings.c:398  _al_score_display_settings       [   0.05227] Single Buffer requirement not met.
display  D   display_settings.c:212  debug_display_settings           [   0.05234] color: 16 (rgba 5650), depth: 16, stencil: 0, acc: 0000, samples: 0/0
display  D   display_settings.c:398  _al_score_display_settings       [   0.05242] Single Buffer requirement not met.
display  D   display_settings.c:212  debug_display_settings           [   0.05249] color: 16 (rgba 5650), depth: 16, stencil: 0, acc: 0000, samples: 0/0
display  D   display_settings.c:398  _al_score_display_settings       [   0.05257] Single Buffer requirement not met.
display  D   display_settings.c:212  debug_display_settings           [   0.05267] color: 32 (rgba 8880), depth: 0, stencil: 0, acc: 0000, samples: 0/0
display  D   display_settings.c:527  _al_score_display_settings       [   0.05275] Score is : 769
display  D   display_settings.c:212  debug_display_settings           [   0.05283] color: 32 (rgba 8880), depth: 0, stencil: 0, acc: 0000, samples: 0/0
display  D   display_settings.c:527  _al_score_display_settings       [   0.05291] Score is : 769
display  D   display_settings.c:212  debug_display_settings           [   0.05297] color: 32 (rgba 8880), depth: 24, stencil: 8, acc: 0000, samples: 0/0
display  D   display_settings.c:527  _al_score_display_settings       [   0.05305] Score is : 769
display  D   display_settings.c:212  debug_display_settings           [   0.05312] color: 32 (rgba 8880), depth: 24, stencil: 8, acc: 0000, samples: 0/0
display  D   display_settings.c:527  _al_score_display_settings       [   0.05320] Score is : 769
display  D   display_settings.c:212  debug_display_settings           [   0.05326] color: 32 (rgba 8880), depth: 24, stencil: 0, acc: 0000, samples: 0/0
display  D   display_settings.c:527  _al_score_display_settings       [   0.05334] Score is : 769
display  D   display_settings.c:212  debug_display_settings           [   0.05341] color: 32 (rgba 8880), depth: 24, stencil: 0, acc: 0000, samples: 0/0
display  D   display_settings.c:527  _al_score_display_settings       [   0.05349] Score is : 769
display  D   display_settings.c:212  debug_display_settings           [   0.05356] color: 32 (rgba 8880), depth: 16, stencil: 0, acc: 0000, samples: 0/0
display  D   display_settings.c:527  _al_score_display_settings       [   0.05365] Score is : 769
display  D   display_settings.c:212  debug_display_settings           [   0.05372] color: 32 (rgba 8880), depth: 16, stencil: 0, acc: 0000, samples: 0/0
display  D   display_settings.c:527  _al_score_display_settings       [   0.05381] Score is : 769
display  D   display_settings.c:212  debug_display_settings           [   0.05388] color: 16 (rgba 5650), depth: 0, stencil: 0, acc: 0000, samples: 0/0
display  D   display_settings.c:527  _al_score_display_settings       [   0.05396] Score is : 769
display  D   display_settings.c:212  debug_display_settings           [   0.05402] color: 16 (rgba 5650), depth: 0, stencil: 0, acc: 0000, samples: 0/0
display  D   display_settings.c:527  _al_score_display_settings       [   0.05411] Score is : 769
display  D   display_settings.c:212  debug_display_settings           [   0.05417] color: 16 (rgba 5650), depth: 24, stencil: 8, acc: 0000, samples: 0/0
display  D   display_settings.c:527  _al_score_display_settings       [   0.05425] Score is : 769
display  D   display_settings.c:212  debug_display_settings           [   0.05432] color: 16 (rgba 5650), depth: 24, stencil: 8, acc: 0000, samples: 0/0
display  D   display_settings.c:527  _al_score_display_settings       [   0.05440] Score is : 769
display  D   display_settings.c:212  debug_display_settings           [   0.05446] color: 16 (rgba 5650), depth: 24, stencil: 0, acc: 0000, samples: 0/0
display  D   display_settings.c:527  _al_score_display_settings       [   0.05454] Score is : 769
display  D   display_settings.c:212  debug_display_settings           [   0.05464] color: 16 (rgba 5650), depth: 24, stencil: 0, acc: 0000, samples: 0/0
display  D   display_settings.c:527  _al_score_display_settings       [   0.05480] Score is : 769
display  D   display_settings.c:212  debug_display_settings           [   0.05486] color: 16 (rgba 5650), depth: 16, stencil: 0, acc: 0000, samples: 0/0
display  D   display_settings.c:527  _al_score_display_settings       [   0.05494] Score is : 769
display  D   display_settings.c:212  debug_display_settings           [   0.05501] color: 16 (rgba 5650), depth: 16, stencil: 0, acc: 0000, samples: 0/0
display  D   display_settings.c:527  _al_score_display_settings       [   0.05509] Score is : 769
display  D   display_settings.c:212  debug_display_settings           [   0.05516] color: 32 (rgba 8880), depth: 0, stencil: 0, acc: 0000, samples: 0/0
display  D   display_settings.c:398  _al_score_display_settings       [   0.05524] Single Buffer requirement not met.
display  D   display_settings.c:212  debug_display_settings           [   0.05531] color: 32 (rgba 8880), depth: 0, stencil: 0, acc: 0000, samples: 0/0
display  D   display_settings.c:398  _al_score_display_settings       [   0.05540] Single Buffer requirement not met.
display  D   display_settings.c:212  debug_display_settings           [   0.05547] color: 32 (rgba 8880), depth: 24, stencil: 8, acc: 0000, samples: 0/0
display  D   display_settings.c:398  _al_score_display_settings       [   0.05555] Single Buffer requirement not met.
display  D   display_settings.c:212  debug_display_settings           [   0.05563] color: 32 (rgba 8880), depth: 24, stencil: 8, acc: 0000, samples: 0/0
display  D   display_settings.c:398  _al_score_display_settings       [   0.05571] Single Buffer requirement not met.
display  D   display_settings.c:212  debug_display_settings           [   0.05578] color: 32 (rgba 8880), depth: 24, stencil: 0, acc: 0000, samples: 0/0
display  D   display_settings.c:398  _al_score_display_settings       [   0.05586] Single Buffer requirement not met.
display  D   display_settings.c:212  debug_display_settings           [   0.05592] color: 32 (rgba 8880), depth: 24, stencil: 0, acc: 0000, samples: 0/0
display  D   display_settings.c:398  _al_score_display_settings       [   0.05600] Single Buffer requirement not met.
display  D   display_settings.c:212  debug_display_settings           [   0.05607] color: 32 (rgba 8880), depth: 16, stencil: 0, acc: 0000, samples: 0/0
display  D   display_settings.c:398  _al_score_display_settings       [   0.05615] Single Buffer requirement not met.
display  D   display_settings.c:212  debug_display_settings           [   0.05622] color: 32 (rgba 8880), depth: 16, stencil: 0, acc: 0000, samples: 0/0
display  D   display_settings.c:398  _al_score_display_settings       [   0.05641] Single Buffer requirement not met.
display  D   display_settings.c:212  debug_display_settings           [   0.05649] color: 16 (rgba 5650), depth: 0, stencil: 0, acc: 0000, samples: 0/0
display  D   display_settings.c:398  _al_score_display_settings       [   0.05657] Single Buffer requirement not met.
display  D   display_settings.c:212  debug_display_settings           [   0.05666] color: 16 (rgba 5650), depth: 0, stencil: 0, acc: 0000, samples: 0/0
display  D   display_settings.c:398  _al_score_display_settings       [   0.05674] Single Buffer requirement not met.
display  D   display_settings.c:212  debug_display_settings           [   0.05681] color: 16 (rgba 5650), depth: 24, stencil: 8, acc: 0000, samples: 0/0
display  D   display_settings.c:398  _al_score_display_settings       [   0.05689] Single Buffer requirement not met.
display  D   display_settings.c:212  debug_display_settings           [   0.05696] color: 16 (rgba 5650), depth: 24, stencil: 8, acc: 0000, samples: 0/0
display  D   display_settings.c:398  _al_score_display_settings       [   0.05704] Single Buffer requirement not met.
display  D   display_settings.c:212  debug_display_settings           [   0.05711] color: 16 (rgba 5650), depth: 24, stencil: 0, acc: 0000, samples: 0/0
display  D   display_settings.c:398  _al_score_display_settings       [   0.05719] Single Buffer requirement not met.
display  D   display_settings.c:212  debug_display_settings           [   0.05725] color: 16 (rgba 5650), depth: 24, stencil: 0, acc: 0000, samples: 0/0
display  D   display_settings.c:398  _al_score_display_settings       [   0.05733] Single Buffer requirement not met.
display  D   display_settings.c:212  debug_display_settings           [   0.05740] color: 16 (rgba 5650), depth: 16, stencil: 0, acc: 0000, samples: 0/0
display  D   display_settings.c:398  _al_score_display_settings       [   0.05748] Single Buffer requirement not met.
display  D   display_settings.c:212  debug_display_settings           [   0.05755] color: 16 (rgba 5650), depth: 16, stencil: 0, acc: 0000, samples: 0/0
display  D   display_settings.c:398  _al_score_display_settings       [   0.05765] Single Buffer requirement not met.
d3d      D         d3d_disp.cpp:1668 d3d_create_display_internals     [   0.05775] Trying format 0.
d3d      I         d3d_disp.cpp:1344 d3d_display_thread_proc          [   0.05973] Chose a display format: 23
d3d      I         d3d_disp.cpp:1413 d3d_display_thread_proc          [   0.05986] Normal window.
d3d      I         d3d_disp.cpp:781  d3d_create_device                [   0.07915] Using no depth stencil buffer
d3d      D         d3d_disp.cpp:839  d3d_create_device                [   0.08953] BeginScene succeeded in create_device
d3d      D         d3d_disp.cpp:847  d3d_create_device                [   0.08968] Success
d3d      D         d3d_disp.cpp:1691 d3d_create_display_internals     [   0.08981] Resumed after wait.
d3d      I         d3d_disp.cpp:1724 d3d_create_display_internals     [   0.09000] Format 0 succeeded.
d3d      D         d3d_disp.cpp:1755 d3d_create_display_internals     [   0.09015] Returning d3d_display: 005B8510
d3d      D         d3d_disp.cpp:1780 d3d_create_display_locked        [   0.09029] al_display=005B8510
d3d      D         d3d_disp.cpp:1781 d3d_create_display_locked        [   0.09035] al_display->vt=00593F38
system   D            wsystem.c:738  maybe_parent_dir                 [   0.09072] Also searching C:\Users\Radzio\Documents\GitHub\LAB\GRA\
system   W            wsystem.c:792  _al_win_safe_load_library        [   0.09270] PathFindOnPath failed to find d3dx9_43.dll
system   D            wsystem.c:738  maybe_parent_dir                 [   0.09298] Also searching C:\Users\Radzio\Documents\GitHub\LAB\GRA\
system   W            wsystem.c:792  _al_win_safe_load_library        [   0.09465] PathFindOnPath failed to find d3dx9_42.dll
system   D            wsystem.c:738  maybe_parent_dir                 [   0.09493] Also searching C:\Users\Radzio\Documents\GitHub\LAB\GRA\
system   W            wsystem.c:792  _al_win_safe_load_library        [   0.09648] PathFindOnPath failed to find d3dx9_41.dll
system   D            wsystem.c:738  maybe_parent_dir                 [   0.09674] Also searching C:\Users\Radzio\Documents\GitHub\LAB\GRA\
system   W            wsystem.c:792  _al_win_safe_load_library        [   0.09827] PathFindOnPath failed to find d3dx9_40.dll
system   D            wsystem.c:738  maybe_parent_dir                 [   0.09853] Also searching C:\Users\Radzio\Documents\GitHub\LAB\GRA\
system   D            wsystem.c:788  _al_win_safe_load_library        [   0.09903] PathFindOnPath found: C:\Windows\system32\d3dx9_39.dll
system   D            wsystem.c:699  load_library_at_path             [   0.09912] Calling LoadLibrary C:\Windows\system32\d3dx9_39.dll
system   I            wsystem.c:702  load_library_at_path             [   0.12689] Loaded C:\Windows\system32\d3dx9_39.dll
d3dx9    I        d3d_d3dx9.cpp:88   _imp_load_d3dx9_module_version   [   0.12705] Module "d3dx9_39.dll" loaded.
d3d      D         d3d_disp.cpp:1188 real_choose_bitmap_format        [   0.12720] Fake format
d3d      D         d3d_disp.cpp:1188 real_choose_bitmap_format        [   0.12727] Fake format
d3d      D         d3d_disp.cpp:1188 real_choose_bitmap_format        [   0.12734] Fake format
d3d      D         d3d_disp.cpp:1188 real_choose_bitmap_format        [   0.12740] Fake format
d3d      D         d3d_disp.cpp:1188 real_choose_bitmap_format        [   0.12746] Fake format
d3d      D         d3d_disp.cpp:1188 real_choose_bitmap_format        [   0.12753] Fake format
d3d      D         d3d_disp.cpp:1188 real_choose_bitmap_format        [   0.12759] Fake format
d3d      D         d3d_disp.cpp:1188 real_choose_bitmap_format        [   0.12765] Fake format
d3d      D         d3d_disp.cpp:1188 real_choose_bitmap_format        [   0.12772] Fake format
d3d      D         d3d_disp.cpp:1196 real_choose_bitmap_format        [   0.12779] Alpha doesn't match
d3d      D         d3d_disp.cpp:1203 real_choose_bitmap_format        [   0.12785] Adapter format is 23
d3d      D         d3d_disp.cpp:1206 real_choose_bitmap_format        [   0.12793] Found a format
d3d      I         d3d_disp.cpp:2377 d3d_create_bitmap                [   0.12800] Chose bitmap format 9
dtor     D               dtor.c:196  _al_register_destructor          [   0.12835] added dtor for bitmap 00662540, func 56A82243
d3d      D         d3d_disp.cpp:1188 real_choose_bitmap_format        [   0.12847] Fake format
d3d      D         d3d_disp.cpp:1188 real_choose_bitmap_format        [   0.12854] Fake format
d3d      D         d3d_disp.cpp:1188 real_choose_bitmap_format        [   0.12860] Fake format
d3d      D         d3d_disp.cpp:1188 real_choose_bitmap_format        [   0.12867] Fake format
d3d      D         d3d_disp.cpp:1188 real_choose_bitmap_format        [   0.12873] Fake format
d3d      D         d3d_disp.cpp:1188 real_choose_bitmap_format        [   0.12880] Fake format
d3d      D         d3d_disp.cpp:1188 real_choose_bitmap_format        [   0.12886] Fake format
d3d      D         d3d_disp.cpp:1188 real_choose_bitmap_format        [   0.12892] Fake format
d3d      D         d3d_disp.cpp:1188 real_choose_bitmap_format        [   0.12899] Fake format
d3d      D         d3d_disp.cpp:1196 real_choose_bitmap_format        [   0.12905] Alpha doesn't match
d3d      D         d3d_disp.cpp:1203 real_choose_bitmap_format        [   0.12911] Adapter format is 23
d3d      D         d3d_disp.cpp:1206 real_choose_bitmap_format        [   0.12918] Found a format
d3d      I         d3d_disp.cpp:2377 d3d_create_bitmap                [   0.12925] Chose bitmap format 9
dtor     D               dtor.c:196  _al_register_destructor          [   0.12954] added dtor for bitmap 0066BF70, func 56A82243
stdio    D         file_stdio.c:109  file_stdio_fopen                 [   0.12965] opening image.png rb
d3d      D         d3d_disp.cpp:1188 real_choose_bitmap_format        [   0.13022] Fake format
d3d      D         d3d_disp.cpp:1188 real_choose_bitmap_format        [   0.13031] Fake format
d3d      D         d3d_disp.cpp:1188 real_choose_bitmap_format        [   0.13038] Fake format
d3d      D         d3d_disp.cpp:1188 real_choose_bitmap_format        [   0.13044] Fake format
d3d      D         d3d_disp.cpp:1188 real_choose_bitmap_format        [   0.13050] Fake format
d3d      D         d3d_disp.cpp:1188 real_choose_bitmap_format        [   0.13057] Fake format
d3d      D         d3d_disp.cpp:1188 real_choose_bitmap_format        [   0.13063] Fake format
d3d      D         d3d_disp.cpp:1188 real_choose_bitmap_format        [   0.13069] Fake format
d3d      D         d3d_disp.cpp:1188 real_choose_bitmap_format        [   0.13077] Fake format
d3d      D         d3d_disp.cpp:1196 real_choose_bitmap_format        [   0.13083] Alpha doesn't match
d3d      D         d3d_disp.cpp:1203 real_choose_bitmap_format        [   0.13089] Adapter format is 23
d3d      D         d3d_disp.cpp:1206 real_choose_bitmap_format        [   0.13096] Found a format
d3d      I         d3d_disp.cpp:2377 d3d_create_bitmap                [   0.13103] Chose bitmap format 9
dtor     D               dtor.c:196  _al_register_destructor          [   0.13154] added dtor for bitmap 00676D40, func 56A82243
stdio    D         file_stdio.c:109  file_stdio_fopen                 [   0.13508] opening car.png rb
d3d      D         d3d_disp.cpp:1188 real_choose_bitmap_format        [   0.13545] Fake format
d3d      D         d3d_disp.cpp:1188 real_choose_bitmap_format        [   0.13553] Fake format
d3d      D         d3d_disp.cpp:1188 real_choose_bitmap_format        [   0.13559] Fake format
d3d      D         d3d_disp.cpp:1188 real_choose_bitmap_format        [   0.13566] Fake format
d3d      D         d3d_disp.cpp:1188 real_choose_bitmap_format        [   0.13572] Fake format
d3d      D         d3d_disp.cpp:1188 real_choose_bitmap_format        [   0.13579] Fake format
d3d      D         d3d_disp.cpp:1188 real_choose_bitmap_format        [   0.13585] Fake format
d3d      D         d3d_disp.cpp:1188 real_choose_bitmap_format        [   0.13591] Fake format
d3d      D         d3d_disp.cpp:1188 real_choose_bitmap_format        [   0.13597] Fake format
d3d      D         d3d_disp.cpp:1196 real_choose_bitmap_format        [   0.13604] Alpha doesn't match
d3d      D         d3d_disp.cpp:1203 real_choose_bitmap_format        [   0.13610] Adapter format is 23
d3d      D         d3d_disp.cpp:1206 real_choose_bitmap_format        [   0.13617] Found a format
d3d      I         d3d_disp.cpp:2377 d3d_create_bitmap                [   0.13624] Chose bitmap format 9
dtor     D               dtor.c:196  _al_register_destructor          [   0.13652] added dtor for bitmap 00676A90, func 56A82243
stdio    D         file_stdio.c:109  file_stdio_fopen                 [   0.13776] opening tlo.png rb
d3d      D         d3d_disp.cpp:1188 real_choose_bitmap_format        [   0.13819] Fake format
d3d      D         d3d_disp.cpp:1188 real_choose_bitmap_format        [   0.13828] Fake format
d3d      D         d3d_disp.cpp:1188 real_choose_bitmap_format        [   0.13834] Fake format
d3d      D         d3d_disp.cpp:1188 real_choose_bitmap_format        [   0.13840] Fake format
d3d      D         d3d_disp.cpp:1188 real_choose_bitmap_format        [   0.13847] Fake format
d3d      D         d3d_disp.cpp:1188 real_choose_bitmap_format        [   0.13853] Fake format
d3d      D         d3d_disp.cpp:1188 real_choose_bitmap_format        [   0.13859] Fake format
d3d      D         d3d_disp.cpp:1188 real_choose_bitmap_format        [   0.13866] Fake format
d3d      D         d3d_disp.cpp:1188 real_choose_bitmap_format        [   0.13872] Fake format
d3d      D         d3d_disp.cpp:1196 real_choose_bitmap_format        [   0.13882] Alpha doesn't match
d3d      D         d3d_disp.cpp:1203 real_choose_bitmap_format        [   0.13889] Adapter format is 23
d3d      D         d3d_disp.cpp:1206 real_choose_bitmap_format        [   0.13897] Found a format
d3d      I         d3d_disp.cpp:2377 d3d_create_bitmap                [   0.13904] Chose bitmap format 9
dtor     D               dtor.c:196  _al_register_destructor          [   0.14052] added dtor for bitmap 00683BF8, func 56A82243
stdio    D         file_stdio.c:109  file_stdio_fopen                 [   0.16001] opening image2.png rb
d3d      D         d3d_disp.cpp:1188 real_choose_bitmap_format        [   0.16049] Fake format
d3d      D         d3d_disp.cpp:1188 real_choose_bitmap_format        [   0.16058] Fake format
d3d      D         d3d_disp.cpp:1188 real_choose_bitmap_format        [   0.16064] Fake format
d3d      D         d3d_disp.cpp:1188 real_choose_bitmap_format        [   0.16071] Fake format
d3d      D         d3d_disp.cpp:1188 real_choose_bitmap_format        [   0.16078] Fake format
d3d      D         d3d_disp.cpp:1188 real_choose_bitmap_format        [   0.16084] Fake format
d3d      D         d3d_disp.cpp:1188 real_choose_bitmap_format        [   0.16090] Fake format
d3d      D         d3d_disp.cpp:1188 real_choose_bitmap_format        [   0.16097] Fake format
d3d      D         d3d_disp.cpp:1188 real_choose_bitmap_format        [   0.16103] Fake format
d3d      D         d3d_disp.cpp:1196 real_choose_bitmap_format        [   0.16109] Alpha doesn't match
d3d      D         d3d_disp.cpp:1203 real_choose_bitmap_format        [   0.16116] Adapter format is 23
d3d      D         d3d_disp.cpp:1206 real_choose_bitmap_format        [   0.16123] Found a format
d3d      I         d3d_disp.cpp:2377 d3d_create_bitmap                [   0.16130] Chose bitmap format 9
dtor     D               dtor.c:196  _al_register_destructor          [   0.16179] added dtor for bitmap 00683880, func 56A82243
stdio    D         file_stdio.c:109  file_stdio_fopen                 [   0.16916] opening image3.png rb
d3d      D         d3d_disp.cpp:1188 real_choose_bitmap_format        [   0.16963] Fake format
d3d      D         d3d_disp.cpp:1188 real_choose_bitmap_format        [   0.16972] Fake format
d3d      D         d3d_disp.cpp:1188 real_choose_bitmap_format        [   0.16979] Fake format
d3d      D         d3d_disp.cpp:1188 real_choose_bitmap_format        [   0.16985] Fake format
d3d      D         d3d_disp.cpp:1188 real_choose_bitmap_format        [   0.16992] Fake format
d3d      D         d3d_disp.cpp:1188 real_choose_bitmap_format        [   0.16998] Fake format
d3d      D         d3d_disp.cpp:1188 real_choose_bitmap_format        [   0.17004] Fake format
d3d      D         d3d_disp.cpp:1188 real_choose_bitmap_format        [   0.17011] Fake format
d3d      D         d3d_disp.cpp:1188 real_choose_bitmap_format        [   0.17017] Fake format
d3d      D         d3d_disp.cpp:1196 real_choose_bitmap_format        [   0.17024] Alpha doesn't match
d3d      D         d3d_disp.cpp:1203 real_choose_bitmap_format        [   0.17031] Adapter format is 23
d3d      D         d3d_disp.cpp:1206 real_choose_bitmap_format        [   0.17038] Found a format
d3d      I         d3d_disp.cpp:2377 d3d_create_bitmap                [   0.17044] Chose bitmap format 9
dtor     D               dtor.c:196  _al_register_destructor          [   0.17102] added dtor for bitmap 006768D0, func 56A82243
dtor     D               dtor.c:196  _al_register_destructor          [   0.17627] added dtor for queue 006626B8, func 56A82392
d3d      D          d3d_bmp.cpp:539  _al_d3d_sync_bitmap              [   0.18151] _al_d3d_sync_bitmap (system) ref count == 1
d3d      D          d3d_bmp.cpp:545  _al_d3d_sync_bitmap              [   0.18165] _al_d3d_sync_bitmap (video) ref count == 1
d3d      D          d3d_bmp.cpp:539  _al_d3d_sync_bitmap              [   0.18291] _al_d3d_sync_bitmap (system) ref count == 1
d3d      D          d3d_bmp.cpp:545  _al_d3d_sync_bitmap              [   0.18304] _al_d3d_sync_bitmap (video) ref count == 1
d3d      D          d3d_bmp.cpp:539  _al_d3d_sync_bitmap              [   0.18421] _al_d3d_sync_bitmap (system) ref count == 1
d3d      D          d3d_bmp.cpp:545  _al_d3d_sync_bitmap              [   0.18454] _al_d3d_sync_bitmap (video) ref count == 1
d3d      D          d3d_bmp.cpp:539  _al_d3d_sync_bitmap              [   0.18622] _al_d3d_sync_bitmap (system) ref count == 1
d3d      D          d3d_bmp.cpp:545  _al_d3d_sync_bitmap              [   0.18636] _al_d3d_sync_bitmap (video) ref count == 1
d3d      D          d3d_bmp.cpp:539  _al_d3d_sync_bitmap              [   0.18729] _al_d3d_sync_bitmap (system) ref count == 1
d3d      D          d3d_bmp.cpp:545  _al_d3d_sync_bitmap              [   0.18742] _al_d3d_sync_bitmap (video) ref count == 1
d3d      D          d3d_bmp.cpp:539  _al_d3d_sync_bitmap              [   0.19436] _al_d3d_sync_bitmap (system) ref count == 1
d3d      D          d3d_bmp.cpp:545  _al_d3d_sync_bitmap              [   0.19449] _al_d3d_sync_bitmap (video) ref count == 1
d3d      D          d3d_bmp.cpp:539  _al_d3d_sync_bitmap              [   0.19609] _al_d3d_sync_bitmap (system) ref count == 1
d3d      D          d3d_bmp.cpp:545  _al_d3d_sync_bitmap              [   0.19621] _al_d3d_sync_bitmap (video) ref count == 1
dtor     D               dtor.c:227  _al_unregister_destructor        [  11.02216] removed dtor for bitmap 006768D0
dtor     D               dtor.c:227  _al_unregister_destructor        [  11.02254] removed dtor for bitmap 00683880
dtor     D               dtor.c:227  _al_unregister_destructor        [  11.02303] removed dtor for bitmap 00676D40
dtor     D               dtor.c:227  _al_unregister_destructor        [  11.02351] removed dtor for bitmap 00662540
dtor     D               dtor.c:227  _al_unregister_destructor        [  11.02382] removed dtor for timer 005A4B68
d3d      I         d3d_disp.cpp:901  d3d_destroy_display              [  11.02391] destroying display 005B8510 (current 00000000)
bitmap   D        bitmap_type.c:308  _al_convert_to_memory_bitmap     [  11.02607] converting display bitmap 00683BF8 to memory bitmap
dtor     D               dtor.c:196  _al_register_destructor          [  11.02704] added dtor for bitmap 00662540, func 56A82243
d3d      D          d3d_bmp.cpp:539  _al_d3d_sync_bitmap              [  11.02722] _al_d3d_sync_bitmap (system) ref count == 1
d3d      D          d3d_bmp.cpp:545  _al_d3d_sync_bitmap              [  11.02729] _al_d3d_sync_bitmap (video) ref count == 1
dtor     D               dtor.c:227  _al_unregister_destructor        [  11.03479] removed dtor for bitmap 00662540
bitmap   D        bitmap_type.c:308  _al_convert_to_memory_bitmap     [  11.03595] converting display bitmap 00676A90 to memory bitmap
dtor     D               dtor.c:196  _al_register_destructor          [  11.03624] added dtor for bitmap 00662540, func 56A82243
d3d      D          d3d_bmp.cpp:539  _al_d3d_sync_bitmap              [  11.03663] _al_d3d_sync_bitmap (system) ref count == 1
d3d      D          d3d_bmp.cpp:545  _al_d3d_sync_bitmap              [  11.03679] _al_d3d_sync_bitmap (video) ref count == 1
dtor     D               dtor.c:227  _al_unregister_destructor        [  11.03751] removed dtor for bitmap 00662540
bitmap   D        bitmap_type.c:308  _al_convert_to_memory_bitmap     [  11.03843] converting display bitmap 0066BF70 to memory bitmap
dtor     D               dtor.c:196  _al_register_destructor          [  11.03860] added dtor for bitmap 00662540, func 56A82243
d3d      D          d3d_bmp.cpp:539  _al_d3d_sync_bitmap              [  11.03885] _al_d3d_sync_bitmap (system) ref count == 1
d3d      D          d3d_bmp.cpp:545  _al_d3d_sync_bitmap              [  11.03895] _al_d3d_sync_bitmap (video) ref count == 1
dtor     D               dtor.c:227  _al_unregister_destructor        [  11.03948] removed dtor for bitmap 00662540
d3d      D         d3d_disp.cpp:885  d3d_destroy_display_internals    [  11.03981] waiting for display 005B8510's thread to end
d3d      W         d3d_disp.cpp:595  d3d_destroy_device               [  11.04902] d3d_destroy_device: ref count not 0
d3d      I         d3d_disp.cpp:1548 d3d_display_thread_proc          [  11.05353] d3d display thread exits
dtor     D               dtor.c:227  _al_unregister_destructor        [  11.06193] removed dtor for queue 006626B8
dtor     D               dtor.c:116  _al_run_destructors              [  11.06209] calling dtor for bitmap 00683BF8, func 56A82243
dtor     D               dtor.c:227  _al_unregister_destructor        [  11.06217] removed dtor for bitmap 00683BF8
dtor     D               dtor.c:116  _al_run_destructors              [  11.06272] calling dtor for bitmap 00676A90, func 56A82243
dtor     D               dtor.c:227  _al_unregister_destructor        [  11.06287] removed dtor for bitmap 00676A90
dtor     D               dtor.c:116  _al_run_destructors              [  11.06300] calling dtor for bitmap 0066BF70, func 56A82243
dtor     D               dtor.c:227  _al_unregister_destructor        [  11.06307] removed dtor for bitmap 0066BF70
